The system is: Linux - 3.19.0-32-generic - i686
Compiling the C compiler identification source file "CMakeCCompilerId.c" succeeded.
Compiler: /cci/dev_t/bin/clang 
Build flags: 
Id flags: 

The output was:
0


Compilation of the C compiler identification source "CMakeCCompilerId.c" produced "a.out"

The C compiler identification is Clang, found in "/home/wiljoh/cci_git_4/cci-daemon/cci_daemon/build/CMakeFiles/3.4.1/CompilerIdC/a.out"

Compiling the CXX compiler identification source file "CMakeCXXCompilerId.cpp" succeeded.
Compiler: /cci/dev_t/bin/clang++ 
Build flags: 
Id flags: 

The output was:
0


Compilation of the CXX compiler identification source "CMakeCXXCompilerId.cpp" produced "a.out"

The CXX compiler identification is Clang, found in "/home/wiljoh/cci_git_4/cci-daemon/cci_daemon/build/CMakeFiles/3.4.1/CompilerIdCXX/a.out"

Determining if the C compiler works passed with the following output:
Change Dir: /home/wiljoh/cci_git_4/cci-daemon/cci_daemon/build/CMakeFiles/CMakeTmp

Run Build Command:"/usr/bin/make" "cmTC_29e20/fast"
/usr/bin/make -f CMakeFiles/cmTC_29e20.dir/build.make CMakeFiles/cmTC_29e20.dir/build
make[1]: Entering directory `/home/wiljoh/cci_git_4/cci-daemon/cci_daemon/build/CMakeFiles/CMakeTmp'
Building C object CMakeFiles/cmTC_29e20.dir/testCCompiler.c.o
/cci/dev_t/bin/clang     -o CMakeFiles/cmTC_29e20.dir/testCCompiler.c.o   -c /home/wiljoh/cci_git_4/cci-daemon/cci_daemon/build/CMakeFiles/CMakeTmp/testCCompiler.c
Linking C executable cmTC_29e20
/cci/dev_t/bin/cmake -E cmake_link_script CMakeFiles/cmTC_29e20.dir/link.txt --verbose=1
/cci/dev_t/bin/clang       CMakeFiles/cmTC_29e20.dir/testCCompiler.c.o  -o cmTC_29e20 -rdynamic 
make[1]: Leaving directory `/home/wiljoh/cci_git_4/cci-daemon/cci_daemon/build/CMakeFiles/CMakeTmp'


Detecting C compiler ABI info compiled with the following output:
Change Dir: /home/wiljoh/cci_git_4/cci-daemon/cci_daemon/build/CMakeFiles/CMakeTmp

Run Build Command:"/usr/bin/make" "cmTC_968e6/fast"
/usr/bin/make -f CMakeFiles/cmTC_968e6.dir/build.make CMakeFiles/cmTC_968e6.dir/build
make[1]: Entering directory `/home/wiljoh/cci_git_4/cci-daemon/cci_daemon/build/CMakeFiles/CMakeTmp'
Building C object CMakeFiles/cmTC_968e6.dir/CMakeCCompilerABI.c.o
/cci/dev_t/bin/clang     -o CMakeFiles/cmTC_968e6.dir/CMakeCCompilerABI.c.o   -c /cci/dev_t/share/cmake-3.4/Modules/CMakeCCompilerABI.c
Linking C executable cmTC_968e6
/cci/dev_t/bin/cmake -E cmake_link_script CMakeFiles/cmTC_968e6.dir/link.txt --verbose=1
/cci/dev_t/bin/clang      -v CMakeFiles/cmTC_968e6.dir/CMakeCCompilerABI.c.o  -o cmTC_968e6 -rdynamic  
clang version 3.7.1 (tags/RELEASE_371/final)
Target: i686-pc-linux-gnu
Thread model: posix
Found candidate GCC installation: /usr/lib/gcc/i686-linux-gnu/4.8
Found candidate GCC installation: /usr/lib/gcc/i686-linux-gnu/4.8.4
Found candidate GCC installation: /usr/lib/gcc/i686-linux-gnu/4.9
Found candidate GCC installation: /usr/lib/gcc/i686-linux-gnu/4.9.3
Found candidate GCC installation: /usr/lib/gcc/i686-linux-gnu/5.3.0
Selected GCC installation: /usr/lib/gcc/i686-linux-gnu/4.9
Candidate multilib: .;@m32
Selected multilib: .;@m32
 "/usr/local/bin/ld" -export-dynamic --eh-frame-hdr -m elf_i386 -dynamic-linker /lib/ld-linux.so.2 -o cmTC_968e6 /usr/lib/gcc/i686-linux-gnu/4.9/../../../i386-linux-gnu/crt1.o /usr/lib/gcc/i686-linux-gnu/4.9/../../../i386-linux-gnu/crti.o /usr/lib/gcc/i686-linux-gnu/4.9/crtbegin.o -L/usr/lib/gcc/i686-linux-gnu/4.9 -L/usr/lib/gcc/i686-linux-gnu/4.9/../../../i386-linux-gnu -L/cci/dev_t/bin/../lib/i386-linux-gnu -L/lib/i386-linux-gnu -L/usr/lib/i386-linux-gnu -L/usr/lib/gcc/i686-linux-gnu/4.9/../../.. -L/cci/dev_t/bin/../lib -L/lib -L/usr/lib CMakeFiles/cmTC_968e6.dir/CMakeCCompilerABI.c.o -lgcc --as-needed -lgcc_s --no-as-needed -lc -lgcc --as-needed -lgcc_s --no-as-needed /usr/lib/gcc/i686-linux-gnu/4.9/crtend.o /usr/lib/gcc/i686-linux-gnu/4.9/../../../i386-linux-gnu/crtn.o
make[1]: Leaving directory `/home/wiljoh/cci_git_4/cci-daemon/cci_daemon/build/CMakeFiles/CMakeTmp'


Parsed C implicit link information from above output:
  link line regex: [^( *|.*[/\])(ld|([^/\]+-)?ld|collect2)[^/\]*( |$)]
  ignore line: [Change Dir: /home/wiljoh/cci_git_4/cci-daemon/cci_daemon/build/CMakeFiles/CMakeTmp]
  ignore line: []
  ignore line: [Run Build Command:"/usr/bin/make" "cmTC_968e6/fast"]
  ignore line: [/usr/bin/make -f CMakeFiles/cmTC_968e6.dir/build.make CMakeFiles/cmTC_968e6.dir/build]
  ignore line: [make[1]: Entering directory `/home/wiljoh/cci_git_4/cci-daemon/cci_daemon/build/CMakeFiles/CMakeTmp']
  ignore line: [Building C object CMakeFiles/cmTC_968e6.dir/CMakeCCompilerABI.c.o]
  ignore line: [/cci/dev_t/bin/clang     -o CMakeFiles/cmTC_968e6.dir/CMakeCCompilerABI.c.o   -c /cci/dev_t/share/cmake-3.4/Modules/CMakeCCompilerABI.c]
  ignore line: [Linking C executable cmTC_968e6]
  ignore line: [/cci/dev_t/bin/cmake -E cmake_link_script CMakeFiles/cmTC_968e6.dir/link.txt --verbose=1]
  ignore line: [/cci/dev_t/bin/clang      -v CMakeFiles/cmTC_968e6.dir/CMakeCCompilerABI.c.o  -o cmTC_968e6 -rdynamic  ]
  ignore line: [clang version 3.7.1 (tags/RELEASE_371/final)]
  ignore line: [Target: i686-pc-linux-gnu]
  ignore line: [Thread model: posix]
  ignore line: [Found candidate GCC installation: /usr/lib/gcc/i686-linux-gnu/4.8]
  ignore line: [Found candidate GCC installation: /usr/lib/gcc/i686-linux-gnu/4.8.4]
  ignore line: [Found candidate GCC installation: /usr/lib/gcc/i686-linux-gnu/4.9]
  ignore line: [Found candidate GCC installation: /usr/lib/gcc/i686-linux-gnu/4.9.3]
  ignore line: [Found candidate GCC installation: /usr/lib/gcc/i686-linux-gnu/5.3.0]
  ignore line: [Selected GCC installation: /usr/lib/gcc/i686-linux-gnu/4.9]
  ignore line: [Candidate multilib: .]
  ignore line: [@m32]
  ignore line: [Selected multilib: .]
  ignore line: [@m32]
  link line: [ "/usr/local/bin/ld" -export-dynamic --eh-frame-hdr -m elf_i386 -dynamic-linker /lib/ld-linux.so.2 -o cmTC_968e6 /usr/lib/gcc/i686-linux-gnu/4.9/../../../i386-linux-gnu/crt1.o /usr/lib/gcc/i686-linux-gnu/4.9/../../../i386-linux-gnu/crti.o /usr/lib/gcc/i686-linux-gnu/4.9/crtbegin.o -L/usr/lib/gcc/i686-linux-gnu/4.9 -L/usr/lib/gcc/i686-linux-gnu/4.9/../../../i386-linux-gnu -L/cci/dev_t/bin/../lib/i386-linux-gnu -L/lib/i386-linux-gnu -L/usr/lib/i386-linux-gnu -L/usr/lib/gcc/i686-linux-gnu/4.9/../../.. -L/cci/dev_t/bin/../lib -L/lib -L/usr/lib CMakeFiles/cmTC_968e6.dir/CMakeCCompilerABI.c.o -lgcc --as-needed -lgcc_s --no-as-needed -lc -lgcc --as-needed -lgcc_s --no-as-needed /usr/lib/gcc/i686-linux-gnu/4.9/crtend.o /usr/lib/gcc/i686-linux-gnu/4.9/../../../i386-linux-gnu/crtn.o]
    arg [/usr/local/bin/ld] ==> ignore
    arg [-export-dynamic] ==> ignore
    arg [--eh-frame-hdr] ==> ignore
    arg [-m] ==> ignore
    arg [elf_i386] ==> ignore
    arg [-dynamic-linker] ==> ignore
    arg [/lib/ld-linux.so.2] ==> ignore
    arg [-o] ==> ignore
    arg [cmTC_968e6] ==> ignore
    arg [/usr/lib/gcc/i686-linux-gnu/4.9/../../../i386-linux-gnu/crt1.o] ==> ignore
    arg [/usr/lib/gcc/i686-linux-gnu/4.9/../../../i386-linux-gnu/crti.o] ==> ignore
    arg [/usr/lib/gcc/i686-linux-gnu/4.9/crtbegin.o] ==> ignore
    arg [-L/usr/lib/gcc/i686-linux-gnu/4.9] ==> dir [/usr/lib/gcc/i686-linux-gnu/4.9]
    arg [-L/usr/lib/gcc/i686-linux-gnu/4.9/../../../i386-linux-gnu] ==> dir [/usr/lib/gcc/i686-linux-gnu/4.9/../../../i386-linux-gnu]
    arg [-L/cci/dev_t/bin/../lib/i386-linux-gnu] ==> dir [/cci/dev_t/bin/../lib/i386-linux-gnu]
    arg [-L/lib/i386-linux-gnu] ==> dir [/lib/i386-linux-gnu]
    arg [-L/usr/lib/i386-linux-gnu] ==> dir [/usr/lib/i386-linux-gnu]
    arg [-L/usr/lib/gcc/i686-linux-gnu/4.9/../../..] ==> dir [/usr/lib/gcc/i686-linux-gnu/4.9/../../..]
    arg [-L/cci/dev_t/bin/../lib] ==> dir [/cci/dev_t/bin/../lib]
    arg [-L/lib] ==> dir [/lib]
    arg [-L/usr/lib] ==> dir [/usr/lib]
    arg [CMakeFiles/cmTC_968e6.dir/CMakeCCompilerABI.c.o] ==> ignore
    arg [-lgcc] ==> lib [gcc]
    arg [--as-needed] ==> ignore
    arg [-lgcc_s] ==> lib [gcc_s]
    arg [--no-as-needed] ==> ignore
    arg [-lc] ==> lib [c]
    arg [-lgcc] ==> lib [gcc]
    arg [--as-needed] ==> ignore
    arg [-lgcc_s] ==> lib [gcc_s]
    arg [--no-as-needed] ==> ignore
    arg [/usr/lib/gcc/i686-linux-gnu/4.9/crtend.o] ==> ignore
    arg [/usr/lib/gcc/i686-linux-gnu/4.9/../../../i386-linux-gnu/crtn.o] ==> ignore
  remove lib [gcc]
  remove lib [gcc_s]
  remove lib [gcc]
  remove lib [gcc_s]
  collapse library dir [/usr/lib/gcc/i686-linux-gnu/4.9] ==> [/usr/lib/gcc/i686-linux-gnu/4.9]
  collapse library dir [/usr/lib/gcc/i686-linux-gnu/4.9/../../../i386-linux-gnu] ==> [/usr/lib/i386-linux-gnu]
  collapse library dir [/cci/dev_t/bin/../lib/i386-linux-gnu] ==> [/cci/dev_t/lib/i386-linux-gnu]
  collapse library dir [/lib/i386-linux-gnu] ==> [/lib/i386-linux-gnu]
  collapse library dir [/usr/lib/i386-linux-gnu] ==> [/usr/lib/i386-linux-gnu]
  collapse library dir [/usr/lib/gcc/i686-linux-gnu/4.9/../../..] ==> [/usr/lib]
  collapse library dir [/cci/dev_t/bin/../lib] ==> [/cci/dev_t/lib]
  collapse library dir [/lib] ==> [/lib]
  collapse library dir [/usr/lib] ==> [/usr/lib]
  implicit libs: [c]
  implicit dirs: [/usr/lib/gcc/i686-linux-gnu/4.9;/usr/lib/i386-linux-gnu;/cci/dev_t/lib/i386-linux-gnu;/lib/i386-linux-gnu;/usr/lib;/cci/dev_t/lib;/lib]
  implicit fwks: []




Detecting C [-std=c11] compiler features compiled with the following output:
Change Dir: /home/wiljoh/cci_git_4/cci-daemon/cci_daemon/build/CMakeFiles/CMakeTmp

Run Build Command:"/usr/bin/make" "cmTC_2197c/fast"
/usr/bin/make -f CMakeFiles/cmTC_2197c.dir/build.make CMakeFiles/cmTC_2197c.dir/build
make[1]: Entering directory `/home/wiljoh/cci_git_4/cci-daemon/cci_daemon/build/CMakeFiles/CMakeTmp'
Building C object CMakeFiles/cmTC_2197c.dir/feature_tests.c.o
/cci/dev_t/bin/clang    -std=c11 -o CMakeFiles/cmTC_2197c.dir/feature_tests.c.o   -c /home/wiljoh/cci_git_4/cci-daemon/cci_daemon/build/CMakeFiles/feature_tests.c
Linking C executable cmTC_2197c
/cci/dev_t/bin/cmake -E cmake_link_script CMakeFiles/cmTC_2197c.dir/link.txt --verbose=1
/cci/dev_t/bin/clang       CMakeFiles/cmTC_2197c.dir/feature_tests.c.o  -o cmTC_2197c -rdynamic 
make[1]: Leaving directory `/home/wiljoh/cci_git_4/cci-daemon/cci_daemon/build/CMakeFiles/CMakeTmp'


    Feature record: C_FEATURE:1c_function_prototypes
    Feature record: C_FEATURE:1c_restrict
    Feature record: C_FEATURE:1c_static_assert
    Feature record: C_FEATURE:1c_variadic_macros


Detecting C [-std=c99] compiler features compiled with the following output:
Change Dir: /home/wiljoh/cci_git_4/cci-daemon/cci_daemon/build/CMakeFiles/CMakeTmp

Run Build Command:"/usr/bin/make" "cmTC_fde1e/fast"
/usr/bin/make -f CMakeFiles/cmTC_fde1e.dir/build.make CMakeFiles/cmTC_fde1e.dir/build
make[1]: Entering directory `/home/wiljoh/cci_git_4/cci-daemon/cci_daemon/build/CMakeFiles/CMakeTmp'
Building C object CMakeFiles/cmTC_fde1e.dir/feature_tests.c.o
/cci/dev_t/bin/clang    -std=c99 -o CMakeFiles/cmTC_fde1e.dir/feature_tests.c.o   -c /home/wiljoh/cci_git_4/cci-daemon/cci_daemon/build/CMakeFiles/feature_tests.c
Linking C executable cmTC_fde1e
/cci/dev_t/bin/cmake -E cmake_link_script CMakeFiles/cmTC_fde1e.dir/link.txt --verbose=1
/cci/dev_t/bin/clang       CMakeFiles/cmTC_fde1e.dir/feature_tests.c.o  -o cmTC_fde1e -rdynamic 
make[1]: Leaving directory `/home/wiljoh/cci_git_4/cci-daemon/cci_daemon/build/CMakeFiles/CMakeTmp'


    Feature record: C_FEATURE:1c_function_prototypes
    Feature record: C_FEATURE:1c_restrict
    Feature record: C_FEATURE:0c_static_assert
    Feature record: C_FEATURE:1c_variadic_macros


Detecting C [-std=c90] compiler features compiled with the following output:
Change Dir: /home/wiljoh/cci_git_4/cci-daemon/cci_daemon/build/CMakeFiles/CMakeTmp

Run Build Command:"/usr/bin/make" "cmTC_d833d/fast"
/usr/bin/make -f CMakeFiles/cmTC_d833d.dir/build.make CMakeFiles/cmTC_d833d.dir/build
make[1]: Entering directory `/home/wiljoh/cci_git_4/cci-daemon/cci_daemon/build/CMakeFiles/CMakeTmp'
Building C object CMakeFiles/cmTC_d833d.dir/feature_tests.c.o
/cci/dev_t/bin/clang    -std=c90 -o CMakeFiles/cmTC_d833d.dir/feature_tests.c.o   -c /home/wiljoh/cci_git_4/cci-daemon/cci_daemon/build/CMakeFiles/feature_tests.c
Linking C executable cmTC_d833d
/cci/dev_t/bin/cmake -E cmake_link_script CMakeFiles/cmTC_d833d.dir/link.txt --verbose=1
/cci/dev_t/bin/clang       CMakeFiles/cmTC_d833d.dir/feature_tests.c.o  -o cmTC_d833d -rdynamic 
make[1]: Leaving directory `/home/wiljoh/cci_git_4/cci-daemon/cci_daemon/build/CMakeFiles/CMakeTmp'


    Feature record: C_FEATURE:1c_function_prototypes
    Feature record: C_FEATURE:0c_restrict
    Feature record: C_FEATURE:0c_static_assert
    Feature record: C_FEATURE:0c_variadic_macros
Determining if the CXX compiler works passed with the following output:
Change Dir: /home/wiljoh/cci_git_4/cci-daemon/cci_daemon/build/CMakeFiles/CMakeTmp

Run Build Command:"/usr/bin/make" "cmTC_d0be8/fast"
/usr/bin/make -f CMakeFiles/cmTC_d0be8.dir/build.make CMakeFiles/cmTC_d0be8.dir/build
make[1]: Entering directory `/home/wiljoh/cci_git_4/cci-daemon/cci_daemon/build/CMakeFiles/CMakeTmp'
Building CXX object CMakeFiles/cmTC_d0be8.dir/testCXXCompiler.cxx.o
/cci/dev_t/bin/clang++      -o CMakeFiles/cmTC_d0be8.dir/testCXXCompiler.cxx.o -c /home/wiljoh/cci_git_4/cci-daemon/cci_daemon/build/CMakeFiles/CMakeTmp/testCXXCompiler.cxx
Linking CXX executable cmTC_d0be8
/cci/dev_t/bin/cmake -E cmake_link_script CMakeFiles/cmTC_d0be8.dir/link.txt --verbose=1
/cci/dev_t/bin/clang++        CMakeFiles/cmTC_d0be8.dir/testCXXCompiler.cxx.o  -o cmTC_d0be8 -rdynamic 
make[1]: Leaving directory `/home/wiljoh/cci_git_4/cci-daemon/cci_daemon/build/CMakeFiles/CMakeTmp'


Detecting CXX compiler ABI info compiled with the following output:
Change Dir: /home/wiljoh/cci_git_4/cci-daemon/cci_daemon/build/CMakeFiles/CMakeTmp

Run Build Command:"/usr/bin/make" "cmTC_3ede4/fast"
/usr/bin/make -f CMakeFiles/cmTC_3ede4.dir/build.make CMakeFiles/cmTC_3ede4.dir/build
make[1]: Entering directory `/home/wiljoh/cci_git_4/cci-daemon/cci_daemon/build/CMakeFiles/CMakeTmp'
Building CXX object CMakeFiles/cmTC_3ede4.dir/CMakeCXXCompilerABI.cpp.o
/cci/dev_t/bin/clang++      -o CMakeFiles/cmTC_3ede4.dir/CMakeCXXCompilerABI.cpp.o -c /cci/dev_t/share/cmake-3.4/Modules/CMakeCXXCompilerABI.cpp
Linking CXX executable cmTC_3ede4
/cci/dev_t/bin/cmake -E cmake_link_script CMakeFiles/cmTC_3ede4.dir/link.txt --verbose=1
/cci/dev_t/bin/clang++       -v CMakeFiles/cmTC_3ede4.dir/CMakeCXXCompilerABI.cpp.o  -o cmTC_3ede4 -rdynamic  
clang version 3.7.1 (tags/RELEASE_371/final)
Target: i686-pc-linux-gnu
Thread model: posix
Found candidate GCC installation: /usr/lib/gcc/i686-linux-gnu/4.8
Found candidate GCC installation: /usr/lib/gcc/i686-linux-gnu/4.8.4
Found candidate GCC installation: /usr/lib/gcc/i686-linux-gnu/4.9
Found candidate GCC installation: /usr/lib/gcc/i686-linux-gnu/4.9.3
Found candidate GCC installation: /usr/lib/gcc/i686-linux-gnu/5.3.0
Selected GCC installation: /usr/lib/gcc/i686-linux-gnu/4.9
Candidate multilib: .;@m32
Selected multilib: .;@m32
 "/usr/local/bin/ld" -export-dynamic --eh-frame-hdr -m elf_i386 -dynamic-linker /lib/ld-linux.so.2 -o cmTC_3ede4 /usr/lib/gcc/i686-linux-gnu/4.9/../../../i386-linux-gnu/crt1.o /usr/lib/gcc/i686-linux-gnu/4.9/../../../i386-linux-gnu/crti.o /usr/lib/gcc/i686-linux-gnu/4.9/crtbegin.o -L/usr/lib/gcc/i686-linux-gnu/4.9 -L/usr/lib/gcc/i686-linux-gnu/4.9/../../../i386-linux-gnu -L/cci/dev_t/bin/../lib/i386-linux-gnu -L/lib/i386-linux-gnu -L/usr/lib/i386-linux-gnu -L/usr/lib/gcc/i686-linux-gnu/4.9/../../.. -L/cci/dev_t/bin/../lib -L/lib -L/usr/lib CMakeFiles/cmTC_3ede4.dir/CMakeCXXCompilerABI.cpp.o -lstdc++ -lm -lgcc_s -lgcc -lc -lgcc_s -lgcc /usr/lib/gcc/i686-linux-gnu/4.9/crtend.o /usr/lib/gcc/i686-linux-gnu/4.9/../../../i386-linux-gnu/crtn.o
make[1]: Leaving directory `/home/wiljoh/cci_git_4/cci-daemon/cci_daemon/build/CMakeFiles/CMakeTmp'


Parsed CXX implicit link information from above output:
  link line regex: [^( *|.*[/\])(ld|([^/\]+-)?ld|collect2)[^/\]*( |$)]
  ignore line: [Change Dir: /home/wiljoh/cci_git_4/cci-daemon/cci_daemon/build/CMakeFiles/CMakeTmp]
  ignore line: []
  ignore line: [Run Build Command:"/usr/bin/make" "cmTC_3ede4/fast"]
  ignore line: [/usr/bin/make -f CMakeFiles/cmTC_3ede4.dir/build.make CMakeFiles/cmTC_3ede4.dir/build]
  ignore line: [make[1]: Entering directory `/home/wiljoh/cci_git_4/cci-daemon/cci_daemon/build/CMakeFiles/CMakeTmp']
  ignore line: [Building CXX object CMakeFiles/cmTC_3ede4.dir/CMakeCXXCompilerABI.cpp.o]
  ignore line: [/cci/dev_t/bin/clang++      -o CMakeFiles/cmTC_3ede4.dir/CMakeCXXCompilerABI.cpp.o -c /cci/dev_t/share/cmake-3.4/Modules/CMakeCXXCompilerABI.cpp]
  ignore line: [Linking CXX executable cmTC_3ede4]
  ignore line: [/cci/dev_t/bin/cmake -E cmake_link_script CMakeFiles/cmTC_3ede4.dir/link.txt --verbose=1]
  ignore line: [/cci/dev_t/bin/clang++       -v CMakeFiles/cmTC_3ede4.dir/CMakeCXXCompilerABI.cpp.o  -o cmTC_3ede4 -rdynamic  ]
  ignore line: [clang version 3.7.1 (tags/RELEASE_371/final)]
  ignore line: [Target: i686-pc-linux-gnu]
  ignore line: [Thread model: posix]
  ignore line: [Found candidate GCC installation: /usr/lib/gcc/i686-linux-gnu/4.8]
  ignore line: [Found candidate GCC installation: /usr/lib/gcc/i686-linux-gnu/4.8.4]
  ignore line: [Found candidate GCC installation: /usr/lib/gcc/i686-linux-gnu/4.9]
  ignore line: [Found candidate GCC installation: /usr/lib/gcc/i686-linux-gnu/4.9.3]
  ignore line: [Found candidate GCC installation: /usr/lib/gcc/i686-linux-gnu/5.3.0]
  ignore line: [Selected GCC installation: /usr/lib/gcc/i686-linux-gnu/4.9]
  ignore line: [Candidate multilib: .]
  ignore line: [@m32]
  ignore line: [Selected multilib: .]
  ignore line: [@m32]
  link line: [ "/usr/local/bin/ld" -export-dynamic --eh-frame-hdr -m elf_i386 -dynamic-linker /lib/ld-linux.so.2 -o cmTC_3ede4 /usr/lib/gcc/i686-linux-gnu/4.9/../../../i386-linux-gnu/crt1.o /usr/lib/gcc/i686-linux-gnu/4.9/../../../i386-linux-gnu/crti.o /usr/lib/gcc/i686-linux-gnu/4.9/crtbegin.o -L/usr/lib/gcc/i686-linux-gnu/4.9 -L/usr/lib/gcc/i686-linux-gnu/4.9/../../../i386-linux-gnu -L/cci/dev_t/bin/../lib/i386-linux-gnu -L/lib/i386-linux-gnu -L/usr/lib/i386-linux-gnu -L/usr/lib/gcc/i686-linux-gnu/4.9/../../.. -L/cci/dev_t/bin/../lib -L/lib -L/usr/lib CMakeFiles/cmTC_3ede4.dir/CMakeCXXCompilerABI.cpp.o -lstdc++ -lm -lgcc_s -lgcc -lc -lgcc_s -lgcc /usr/lib/gcc/i686-linux-gnu/4.9/crtend.o /usr/lib/gcc/i686-linux-gnu/4.9/../../../i386-linux-gnu/crtn.o]
    arg [/usr/local/bin/ld] ==> ignore
    arg [-export-dynamic] ==> ignore
    arg [--eh-frame-hdr] ==> ignore
    arg [-m] ==> ignore
    arg [elf_i386] ==> ignore
    arg [-dynamic-linker] ==> ignore
    arg [/lib/ld-linux.so.2] ==> ignore
    arg [-o] ==> ignore
    arg [cmTC_3ede4] ==> ignore
    arg [/usr/lib/gcc/i686-linux-gnu/4.9/../../../i386-linux-gnu/crt1.o] ==> ignore
    arg [/usr/lib/gcc/i686-linux-gnu/4.9/../../../i386-linux-gnu/crti.o] ==> ignore
    arg [/usr/lib/gcc/i686-linux-gnu/4.9/crtbegin.o] ==> ignore
    arg [-L/usr/lib/gcc/i686-linux-gnu/4.9] ==> dir [/usr/lib/gcc/i686-linux-gnu/4.9]
    arg [-L/usr/lib/gcc/i686-linux-gnu/4.9/../../../i386-linux-gnu] ==> dir [/usr/lib/gcc/i686-linux-gnu/4.9/../../../i386-linux-gnu]
    arg [-L/cci/dev_t/bin/../lib/i386-linux-gnu] ==> dir [/cci/dev_t/bin/../lib/i386-linux-gnu]
    arg [-L/lib/i386-linux-gnu] ==> dir [/lib/i386-linux-gnu]
    arg [-L/usr/lib/i386-linux-gnu] ==> dir [/usr/lib/i386-linux-gnu]
    arg [-L/usr/lib/gcc/i686-linux-gnu/4.9/../../..] ==> dir [/usr/lib/gcc/i686-linux-gnu/4.9/../../..]
    arg [-L/cci/dev_t/bin/../lib] ==> dir [/cci/dev_t/bin/../lib]
    arg [-L/lib] ==> dir [/lib]
    arg [-L/usr/lib] ==> dir [/usr/lib]
    arg [CMakeFiles/cmTC_3ede4.dir/CMakeCXXCompilerABI.cpp.o] ==> ignore
    arg [-lstdc++] ==> lib [stdc++]
    arg [-lm] ==> lib [m]
    arg [-lgcc_s] ==> lib [gcc_s]
    arg [-lgcc] ==> lib [gcc]
    arg [-lc] ==> lib [c]
    arg [-lgcc_s] ==> lib [gcc_s]
    arg [-lgcc] ==> lib [gcc]
    arg [/usr/lib/gcc/i686-linux-gnu/4.9/crtend.o] ==> ignore
    arg [/usr/lib/gcc/i686-linux-gnu/4.9/../../../i386-linux-gnu/crtn.o] ==> ignore
  remove lib [gcc_s]
  remove lib [gcc]
  remove lib [gcc_s]
  remove lib [gcc]
  collapse library dir [/usr/lib/gcc/i686-linux-gnu/4.9] ==> [/usr/lib/gcc/i686-linux-gnu/4.9]
  collapse library dir [/usr/lib/gcc/i686-linux-gnu/4.9/../../../i386-linux-gnu] ==> [/usr/lib/i386-linux-gnu]
  collapse library dir [/cci/dev_t/bin/../lib/i386-linux-gnu] ==> [/cci/dev_t/lib/i386-linux-gnu]
  collapse library dir [/lib/i386-linux-gnu] ==> [/lib/i386-linux-gnu]
  collapse library dir [/usr/lib/i386-linux-gnu] ==> [/usr/lib/i386-linux-gnu]
  collapse library dir [/usr/lib/gcc/i686-linux-gnu/4.9/../../..] ==> [/usr/lib]
  collapse library dir [/cci/dev_t/bin/../lib] ==> [/cci/dev_t/lib]
  collapse library dir [/lib] ==> [/lib]
  collapse library dir [/usr/lib] ==> [/usr/lib]
  implicit libs: [stdc++;m;c]
  implicit dirs: [/usr/lib/gcc/i686-linux-gnu/4.9;/usr/lib/i386-linux-gnu;/cci/dev_t/lib/i386-linux-gnu;/lib/i386-linux-gnu;/usr/lib;/cci/dev_t/lib;/lib]
  implicit fwks: []




Detecting CXX [-std=c++14] compiler features compiled with the following output:
Change Dir: /home/wiljoh/cci_git_4/cci-daemon/cci_daemon/build/CMakeFiles/CMakeTmp

Run Build Command:"/usr/bin/make" "cmTC_e5d64/fast"
/usr/bin/make -f CMakeFiles/cmTC_e5d64.dir/build.make CMakeFiles/cmTC_e5d64.dir/build
make[1]: Entering directory `/home/wiljoh/cci_git_4/cci-daemon/cci_daemon/build/CMakeFiles/CMakeTmp'
Building CXX object CMakeFiles/cmTC_e5d64.dir/feature_tests.cxx.o
/cci/dev_t/bin/clang++     -std=c++14 -o CMakeFiles/cmTC_e5d64.dir/feature_tests.cxx.o -c /home/wiljoh/cci_git_4/cci-daemon/cci_daemon/build/CMakeFiles/feature_tests.cxx
Linking CXX executable cmTC_e5d64
/cci/dev_t/bin/cmake -E cmake_link_script CMakeFiles/cmTC_e5d64.dir/link.txt --verbose=1
/cci/dev_t/bin/clang++        CMakeFiles/cmTC_e5d64.dir/feature_tests.cxx.o  -o cmTC_e5d64 -rdynamic 
make[1]: Leaving directory `/home/wiljoh/cci_git_4/cci-daemon/cci_daemon/build/CMakeFiles/CMakeTmp'


    Feature record: CXX_FEATURE:1cxx_aggregate_default_initializers
    Feature record: CXX_FEATURE:1cxx_alias_templates
    Feature record: CXX_FEATURE:1cxx_alignas
    Feature record: CXX_FEATURE:1cxx_alignof
    Feature record: CXX_FEATURE:1cxx_attributes
    Feature record: CXX_FEATURE:1cxx_attribute_deprecated
    Feature record: CXX_FEATURE:1cxx_auto_type
    Feature record: CXX_FEATURE:1cxx_binary_literals
    Feature record: CXX_FEATURE:1cxx_constexpr
    Feature record: CXX_FEATURE:1cxx_contextual_conversions
    Feature record: CXX_FEATURE:1cxx_decltype
    Feature record: CXX_FEATURE:1cxx_decltype_auto
    Feature record: CXX_FEATURE:1cxx_decltype_incomplete_return_types
    Feature record: CXX_FEATURE:1cxx_default_function_template_args
    Feature record: CXX_FEATURE:1cxx_defaulted_functions
    Feature record: CXX_FEATURE:1cxx_defaulted_move_initializers
    Feature record: CXX_FEATURE:1cxx_delegating_constructors
    Feature record: CXX_FEATURE:1cxx_deleted_functions
    Feature record: CXX_FEATURE:1cxx_digit_separators
    Feature record: CXX_FEATURE:1cxx_enum_forward_declarations
    Feature record: CXX_FEATURE:1cxx_explicit_conversions
    Feature record: CXX_FEATURE:1cxx_extended_friend_declarations
    Feature record: CXX_FEATURE:1cxx_extern_templates
    Feature record: CXX_FEATURE:1cxx_final
    Feature record: CXX_FEATURE:1cxx_func_identifier
    Feature record: CXX_FEATURE:1cxx_generalized_initializers
    Feature record: CXX_FEATURE:1cxx_generic_lambdas
    Feature record: CXX_FEATURE:1cxx_inheriting_constructors
    Feature record: CXX_FEATURE:1cxx_inline_namespaces
    Feature record: CXX_FEATURE:1cxx_lambdas
    Feature record: CXX_FEATURE:1cxx_lambda_init_captures
    Feature record: CXX_FEATURE:1cxx_local_type_template_args
    Feature record: CXX_FEATURE:1cxx_long_long_type
    Feature record: CXX_FEATURE:1cxx_noexcept
    Feature record: CXX_FEATURE:1cxx_nonstatic_member_init
    Feature record: CXX_FEATURE:1cxx_nullptr
    Feature record: CXX_FEATURE:1cxx_override
    Feature record: CXX_FEATURE:1cxx_range_for
    Feature record: CXX_FEATURE:1cxx_raw_string_literals
    Feature record: CXX_FEATURE:1cxx_reference_qualified_functions
    Feature record: CXX_FEATURE:1cxx_relaxed_constexpr
    Feature record: CXX_FEATURE:1cxx_return_type_deduction
    Feature record: CXX_FEATURE:1cxx_right_angle_brackets
    Feature record: CXX_FEATURE:1cxx_rvalue_references
    Feature record: CXX_FEATURE:1cxx_sizeof_member
    Feature record: CXX_FEATURE:1cxx_static_assert
    Feature record: CXX_FEATURE:1cxx_strong_enums
    Feature record: CXX_FEATURE:1cxx_template_template_parameters
    Feature record: CXX_FEATURE:1cxx_thread_local
    Feature record: CXX_FEATURE:1cxx_trailing_return_types
    Feature record: CXX_FEATURE:1cxx_unicode_literals
    Feature record: CXX_FEATURE:1cxx_uniform_initialization
    Feature record: CXX_FEATURE:1cxx_unrestricted_unions
    Feature record: CXX_FEATURE:1cxx_user_literals
    Feature record: CXX_FEATURE:1cxx_variable_templates
    Feature record: CXX_FEATURE:1cxx_variadic_macros
    Feature record: CXX_FEATURE:1cxx_variadic_templates


Detecting CXX [-std=c++11] compiler features compiled with the following output:
Change Dir: /home/wiljoh/cci_git_4/cci-daemon/cci_daemon/build/CMakeFiles/CMakeTmp

Run Build Command:"/usr/bin/make" "cmTC_f78ba/fast"
/usr/bin/make -f CMakeFiles/cmTC_f78ba.dir/build.make CMakeFiles/cmTC_f78ba.dir/build
make[1]: Entering directory `/home/wiljoh/cci_git_4/cci-daemon/cci_daemon/build/CMakeFiles/CMakeTmp'
Building CXX object CMakeFiles/cmTC_f78ba.dir/feature_tests.cxx.o
/cci/dev_t/bin/clang++     -std=c++11 -o CMakeFiles/cmTC_f78ba.dir/feature_tests.cxx.o -c /home/wiljoh/cci_git_4/cci-daemon/cci_daemon/build/CMakeFiles/feature_tests.cxx
Linking CXX executable cmTC_f78ba
/cci/dev_t/bin/cmake -E cmake_link_script CMakeFiles/cmTC_f78ba.dir/link.txt --verbose=1
/cci/dev_t/bin/clang++        CMakeFiles/cmTC_f78ba.dir/feature_tests.cxx.o  -o cmTC_f78ba -rdynamic 
make[1]: Leaving directory `/home/wiljoh/cci_git_4/cci-daemon/cci_daemon/build/CMakeFiles/CMakeTmp'


    Feature record: CXX_FEATURE:0cxx_aggregate_default_initializers
    Feature record: CXX_FEATURE:1cxx_alias_templates
    Feature record: CXX_FEATURE:1cxx_alignas
    Feature record: CXX_FEATURE:1cxx_alignof
    Feature record: CXX_FEATURE:1cxx_attributes
    Feature record: CXX_FEATURE:0cxx_attribute_deprecated
    Feature record: CXX_FEATURE:1cxx_auto_type
    Feature record: CXX_FEATURE:0cxx_binary_literals
    Feature record: CXX_FEATURE:1cxx_constexpr
    Feature record: CXX_FEATURE:0cxx_contextual_conversions
    Feature record: CXX_FEATURE:1cxx_decltype
    Feature record: CXX_FEATURE:0cxx_decltype_auto
    Feature record: CXX_FEATURE:1cxx_decltype_incomplete_return_types
    Feature record: CXX_FEATURE:1cxx_default_function_template_args
    Feature record: CXX_FEATURE:1cxx_defaulted_functions
    Feature record: CXX_FEATURE:1cxx_defaulted_move_initializers
    Feature record: CXX_FEATURE:1cxx_delegating_constructors
    Feature record: CXX_FEATURE:1cxx_deleted_functions
    Feature record: CXX_FEATURE:0cxx_digit_separators
    Feature record: CXX_FEATURE:1cxx_enum_forward_declarations
    Feature record: CXX_FEATURE:1cxx_explicit_conversions
    Feature record: CXX_FEATURE:1cxx_extended_friend_declarations
    Feature record: CXX_FEATURE:1cxx_extern_templates
    Feature record: CXX_FEATURE:1cxx_final
    Feature record: CXX_FEATURE:1cxx_func_identifier
    Feature record: CXX_FEATURE:1cxx_generalized_initializers
    Feature record: CXX_FEATURE:0cxx_generic_lambdas
    Feature record: CXX_FEATURE:1cxx_inheriting_constructors
    Feature record: CXX_FEATURE:1cxx_inline_namespaces
    Feature record: CXX_FEATURE:1cxx_lambdas
    Feature record: CXX_FEATURE:0cxx_lambda_init_captures
    Feature record: CXX_FEATURE:1cxx_local_type_template_args
    Feature record: CXX_FEATURE:1cxx_long_long_type
    Feature record: CXX_FEATURE:1cxx_noexcept
    Feature record: CXX_FEATURE:1cxx_nonstatic_member_init
    Feature record: CXX_FEATURE:1cxx_nullptr
    Feature record: CXX_FEATURE:1cxx_override
    Feature record: CXX_FEATURE:1cxx_range_for
    Feature record: CXX_FEATURE:1cxx_raw_string_literals
    Feature record: CXX_FEATURE:1cxx_reference_qualified_functions
    Feature record: CXX_FEATURE:0cxx_relaxed_constexpr
    Feature record: CXX_FEATURE:0cxx_return_type_deduction
    Feature record: CXX_FEATURE:1cxx_right_angle_brackets
    Feature record: CXX_FEATURE:1cxx_rvalue_references
    Feature record: CXX_FEATURE:1cxx_sizeof_member
    Feature record: CXX_FEATURE:1cxx_static_assert
    Feature record: CXX_FEATURE:1cxx_strong_enums
    Feature record: CXX_FEATURE:1cxx_template_template_parameters
    Feature record: CXX_FEATURE:1cxx_thread_local
    Feature record: CXX_FEATURE:1cxx_trailing_return_types
    Feature record: CXX_FEATURE:1cxx_unicode_literals
    Feature record: CXX_FEATURE:1cxx_uniform_initialization
    Feature record: CXX_FEATURE:1cxx_unrestricted_unions
    Feature record: CXX_FEATURE:1cxx_user_literals
    Feature record: CXX_FEATURE:0cxx_variable_templates
    Feature record: CXX_FEATURE:1cxx_variadic_macros
    Feature record: CXX_FEATURE:1cxx_variadic_templates


Detecting CXX [-std=c++98] compiler features compiled with the following output:
Change Dir: /home/wiljoh/cci_git_4/cci-daemon/cci_daemon/build/CMakeFiles/CMakeTmp

Run Build Command:"/usr/bin/make" "cmTC_855df/fast"
/usr/bin/make -f CMakeFiles/cmTC_855df.dir/build.make CMakeFiles/cmTC_855df.dir/build
make[1]: Entering directory `/home/wiljoh/cci_git_4/cci-daemon/cci_daemon/build/CMakeFiles/CMakeTmp'
Building CXX object CMakeFiles/cmTC_855df.dir/feature_tests.cxx.o
/cci/dev_t/bin/clang++     -std=c++98 -o CMakeFiles/cmTC_855df.dir/feature_tests.cxx.o -c /home/wiljoh/cci_git_4/cci-daemon/cci_daemon/build/CMakeFiles/feature_tests.cxx
Linking CXX executable cmTC_855df
/cci/dev_t/bin/cmake -E cmake_link_script CMakeFiles/cmTC_855df.dir/link.txt --verbose=1
/cci/dev_t/bin/clang++        CMakeFiles/cmTC_855df.dir/feature_tests.cxx.o  -o cmTC_855df -rdynamic 
make[1]: Leaving directory `/home/wiljoh/cci_git_4/cci-daemon/cci_daemon/build/CMakeFiles/CMakeTmp'


    Feature record: CXX_FEATURE:0cxx_aggregate_default_initializers
    Feature record: CXX_FEATURE:0cxx_alias_templates
    Feature record: CXX_FEATURE:0cxx_alignas
    Feature record: CXX_FEATURE:0cxx_alignof
    Feature record: CXX_FEATURE:0cxx_attributes
    Feature record: CXX_FEATURE:0cxx_attribute_deprecated
    Feature record: CXX_FEATURE:0cxx_auto_type
    Feature record: CXX_FEATURE:0cxx_binary_literals
    Feature record: CXX_FEATURE:0cxx_constexpr
    Feature record: CXX_FEATURE:0cxx_contextual_conversions
    Feature record: CXX_FEATURE:0cxx_decltype
    Feature record: CXX_FEATURE:0cxx_decltype_auto
    Feature record: CXX_FEATURE:0cxx_decltype_incomplete_return_types
    Feature record: CXX_FEATURE:0cxx_default_function_template_args
    Feature record: CXX_FEATURE:0cxx_defaulted_functions
    Feature record: CXX_FEATURE:0cxx_defaulted_move_initializers
    Feature record: CXX_FEATURE:0cxx_delegating_constructors
    Feature record: CXX_FEATURE:0cxx_deleted_functions
    Feature record: CXX_FEATURE:0cxx_digit_separators
    Feature record: CXX_FEATURE:0cxx_enum_forward_declarations
    Feature record: CXX_FEATURE:0cxx_explicit_conversions
    Feature record: CXX_FEATURE:0cxx_extended_friend_declarations
    Feature record: CXX_FEATURE:0cxx_extern_templates
    Feature record: CXX_FEATURE:0cxx_final
    Feature record: CXX_FEATURE:0cxx_func_identifier
    Feature record: CXX_FEATURE:0cxx_generalized_initializers
    Feature record: CXX_FEATURE:0cxx_generic_lambdas
    Feature record: CXX_FEATURE:0cxx_inheriting_constructors
    Feature record: CXX_FEATURE:0cxx_inline_namespaces
    Feature record: CXX_FEATURE:0cxx_lambdas
    Feature record: CXX_FEATURE:0cxx_lambda_init_captures
    Feature record: CXX_FEATURE:0cxx_local_type_template_args
    Feature record: CXX_FEATURE:0cxx_long_long_type
    Feature record: CXX_FEATURE:0cxx_noexcept
    Feature record: CXX_FEATURE:0cxx_nonstatic_member_init
    Feature record: CXX_FEATURE:0cxx_nullptr
    Feature record: CXX_FEATURE:0cxx_override
    Feature record: CXX_FEATURE:0cxx_range_for
    Feature record: CXX_FEATURE:0cxx_raw_string_literals
    Feature record: CXX_FEATURE:0cxx_reference_qualified_functions
    Feature record: CXX_FEATURE:0cxx_relaxed_constexpr
    Feature record: CXX_FEATURE:0cxx_return_type_deduction
    Feature record: CXX_FEATURE:0cxx_right_angle_brackets
    Feature record: CXX_FEATURE:0cxx_rvalue_references
    Feature record: CXX_FEATURE:0cxx_sizeof_member
    Feature record: CXX_FEATURE:0cxx_static_assert
    Feature record: CXX_FEATURE:0cxx_strong_enums
    Feature record: CXX_FEATURE:1cxx_template_template_parameters
    Feature record: CXX_FEATURE:0cxx_thread_local
    Feature record: CXX_FEATURE:0cxx_trailing_return_types
    Feature record: CXX_FEATURE:0cxx_unicode_literals
    Feature record: CXX_FEATURE:0cxx_uniform_initialization
    Feature record: CXX_FEATURE:0cxx_unrestricted_unions
    Feature record: CXX_FEATURE:0cxx_user_literals
    Feature record: CXX_FEATURE:0cxx_variable_templates
    Feature record: CXX_FEATURE:0cxx_variadic_macros
    Feature record: CXX_FEATURE:0cxx_variadic_templates
